<?xml version="1.0" encoding="UTF-8"?>
<!-- Generated by org.testng.reporters.JUnitReportReporter -->
<testsuite hostname="LIN-CX5MBK3" failures="0" tests="1" name="testcases.TC001_Login" time="15.798" errors="0" timestamp="2024-04-16T11:23:20 IST" skipped="0">
  <testcase classname="testcases.TC001_Login" name="runTC001_Login" time="15.798"/>
  <system-out/>
</testsuite> <!-- testcases.TC001_Login -->
